\BOOKMARK [0][-]{chapter*.1}{\376\377\000E\000i\000d\000e\000s\000t\000a\000t\000t\000l\000i\000c\000h\000e\000\040\000E\000r\000k\000l\000\344\000r\000u\000n\000g}{}% 1
\BOOKMARK [0][-]{chapter*.3}{\376\377\000A\000c\000k\000n\000o\000w\000l\000e\000d\000g\000e\000m\000e\000n\000t}{}% 2
\BOOKMARK [0][-]{chapter*.4}{\376\377\000K\000u\000r\000z\000f\000a\000s\000s\000u\000n\000g}{}% 3
\BOOKMARK [0][-]{chapter*.5}{\376\377\000A\000b\000s\000t\000r\000a\000c\000t}{}% 4
\BOOKMARK [0][-]{chapter.1}{\376\377\000I\000n\000t\000r\000o\000d\000u\000c\000t\000i\000o\000n}{}% 5
\BOOKMARK [1][-]{section.1.1}{\376\377\000M\000o\000t\000i\000v\000a\000t\000i\000o\000n}{chapter.1}% 6
\BOOKMARK [1][-]{section.1.2}{\376\377\000G\000o\000a\000l}{chapter.1}% 7
\BOOKMARK [1][-]{section.1.3}{\376\377\000H\000i\000s\000t\000o\000r\000y}{chapter.1}% 8
\BOOKMARK [2][-]{subsection.1.3.1}{\376\377\000N\000e\000t\000w\000o\000r\000k\000s}{section.1.3}% 9
\BOOKMARK [2][-]{subsection.1.3.2}{\376\377\000P\000r\000o\000t\000o\000c\000o\000l\000s}{section.1.3}% 10
\BOOKMARK [2][-]{subsection.1.3.3}{\376\377\000B\000l\000u\000e\000t\000o\000o\000t\000h}{section.1.3}% 11
\BOOKMARK [1][-]{section.1.4}{\376\377\000P\000r\000o\000j\000e\000c\000t\000\040\000M\000a\000n\000a\000g\000e\000m\000e\000n\000t}{chapter.1}% 12
\BOOKMARK [2][-]{subsection.1.4.1}{\376\377\000K\000a\000n\000b\000a\000n}{section.1.4}% 13
\BOOKMARK [2][-]{subsection.1.4.2}{\376\377\000M\000e\000e\000t\000i\000n\000g\000s\000\040\000w\000i\000t\000h\000\040\000t\000h\000e\000\040\000p\000r\000o\000j\000e\000c\000t\000s\000\040\000s\000u\000p\000e\000r\000v\000i\000s\000o\000r}{section.1.4}% 14
\BOOKMARK [2][-]{subsection.1.4.3}{\376\377\000H\000o\000u\000r\000s\000\040\000s\000p\000e\000n\000t\000\040\000o\000u\000t\000s\000i\000d\000e\000\040\000o\000f\000\040\000s\000c\000h\000o\000o\000l\000\040\000h\000o\000u\000r\000s}{section.1.4}% 15
\BOOKMARK [2][-]{subsection.1.4.4}{\376\377\000V\000e\000r\000s\000i\000o\000n\000\040\000C\000o\000n\000t\000r\000o\000l}{section.1.4}% 16
\BOOKMARK [1][-]{section.1.5}{\376\377\000O\000u\000t\000l\000i\000n\000e}{chapter.1}% 17
\BOOKMARK [0][-]{chapter.2}{\376\377\000S\000t\000u\000d\000y\000\040\000o\000f\000\040\000L\000i\000t\000e\000r\000a\000t\000u\000r\000e\000\040\000S\000z\000t\000a\000v\000i\000n\000o\000v\000s\000z\000k\000i}{}% 18
\BOOKMARK [1][-]{section.2.1}{\376\377\000T\000h\000e\000\040\000R\000u\000s\000t\000\040\000B\000o\000o\000k}{chapter.2}% 19
\BOOKMARK [1][-]{section.2.2}{\376\377\000N\000e\000t\000w\000o\000r\000k\000\040\000P\000r\000o\000g\000r\000a\000m\000m\000i\000n\000g\000\040\000w\000i\000t\000h\000\040\000R\000u\000s\000t}{chapter.2}% 20
\BOOKMARK [1][-]{section.2.3}{\376\377\000M\000a\000i\000n\000\040\000T\000a\000k\000e\000a\000w\000a\000y\000s}{chapter.2}% 21
\BOOKMARK [1][-]{section.2.4}{\376\377\000G\000e\000t\000t\000i\000n\000g\000\040\000S\000t\000a\000r\000t\000e\000d\000\040\000w\000i\000t\000h\000\040\000B\000l\000u\000e\000t\000o\000o\000t\000h\000\040\000L\000o\000w\000\040\000E\000n\000e\000r\000g\000y}{chapter.2}% 22
\BOOKMARK [2][-]{subsection.2.4.1}{\376\377\000C\000h\000a\000p\000t\000e\000r\000\040\0001\000.\000\040\000I\000n\000t\000r\000o\000d\000u\000c\000t\000i\000o\000n}{section.2.4}% 23
\BOOKMARK [2][-]{subsection.2.4.2}{\376\377\000C\000h\000a\000p\000t\000e\000r\000\040\0002\000.\000\040\000P\000r\000o\000t\000o\000c\000o\000l\000\040\000B\000a\000s\000i\000c\000s}{section.2.4}% 24
\BOOKMARK [2][-]{subsection.2.4.3}{\376\377\000C\000h\000a\000p\000t\000e\000r\000\040\0003\000.\000\040\000G\000A\000P\000\050\000A\000d\000v\000e\000r\000t\000i\000s\000i\000n\000g\000\040\000a\000n\000d\000\040\000C\000o\000n\000n\000e\000c\000t\000i\000o\000n\000s\000\051}{section.2.4}% 25
\BOOKMARK [2][-]{subsection.2.4.4}{\376\377\000C\000h\000a\000p\000t\000e\000r\000\040\0004\000.\000\040\000G\000A\000T\000T\000\050\000S\000e\000r\000v\000i\000c\000e\000s\000\040\000a\000n\000d\000\040\000C\000h\000a\000r\000a\000c\000t\000e\000r\000i\000s\000t\000i\000c\000s\000\051}{section.2.4}% 26
\BOOKMARK [2][-]{subsection.2.4.5}{\376\377\000T\000h\000e\000\040\000R\000e\000m\000a\000i\000n\000i\000n\000g\000\040\000C\000h\000a\000p\000t\000e\000r\000s}{section.2.4}% 27
\BOOKMARK [2][-]{subsection.2.4.6}{\376\377\000M\000a\000i\000n\000\040\000T\000a\000k\000e\000a\000w\000a\000y\000s}{section.2.4}% 28
\BOOKMARK [0][-]{chapter.3}{\376\377\000T\000e\000c\000h\000n\000o\000l\000o\000g\000y}{}% 29
\BOOKMARK [1][-]{section.3.1}{\376\377\000W\000o\000m\000b\000a\000t}{chapter.3}% 30
\BOOKMARK [1][-]{section.3.2}{\376\377\000P\000y\000t\000h\000o\000n}{chapter.3}% 31
\BOOKMARK [1][-]{section.3.3}{\376\377\000C\000+\000+}{chapter.3}% 32
\BOOKMARK [1][-]{section.3.4}{\376\377\000R\000u\000s\000t}{chapter.3}% 33
\BOOKMARK [2][-]{subsection.3.4.1}{\376\377\000C\000a\000r\000g\000o}{section.3.4}% 34
\BOOKMARK [1][-]{section.3.5}{\376\377\000g\000R\000P\000C}{chapter.3}% 35
\BOOKMARK [1][-]{section.3.6}{\376\377\000P\000r\000o\000t\000o\000c\000o\000l\000\040\000B\000u\000f\000f\000e\000r\000s}{chapter.3}% 36
\BOOKMARK [2][-]{subsection.3.6.1}{\376\377\000P\000r\000o\000t\000o\000f\000i\000l\000e\000\040\000m\000e\000s\000s\000a\000g\000e\000\040\000d\000e\000f\000i\000n\000i\000t\000i\000o\000n}{section.3.6}% 37
\BOOKMARK [2][-]{subsection.3.6.2}{\376\377\000P\000r\000o\000t\000o\000f\000i\000l\000e\000\040\000e\000n\000u\000m\000\040\000d\000e\000f\000i\000n\000i\000t\000i\000o\000n}{section.3.6}% 38
\BOOKMARK [2][-]{subsection.3.6.3}{\376\377\000P\000r\000o\000t\000o\000f\000i\000l\000e\000\040\000s\000e\000r\000v\000i\000c\000e\000\040\000d\000e\000f\000i\000n\000i\000t\000i\000o\000n}{section.3.6}% 39
\BOOKMARK [1][-]{section.3.7}{\376\377\000N\000i\000x}{chapter.3}% 40
\BOOKMARK [2][-]{subsection.3.7.1}{\376\377\000H\000i\000s\000t\000o\000r\000y}{section.3.7}% 41
\BOOKMARK [2][-]{subsection.3.7.2}{\376\377\000T\000h\000e\000\040\000L\000a\000n\000g\000u\000a\000g\000e}{section.3.7}% 42
\BOOKMARK [2][-]{subsection.3.7.3}{\376\377\000T\000h\000e\000\040\000P\000a\000c\000k\000a\000g\000e\000\040\000M\000a\000n\000a\000g\000e\000r}{section.3.7}% 43
\BOOKMARK [2][-]{subsection.3.7.4}{\376\377\000T\000h\000e\000\040\000B\000u\000i\000l\000d\000\040\000S\000y\000s\000t\000e\000m}{section.3.7}% 44
\BOOKMARK [2][-]{subsection.3.7.5}{\376\377\000T\000h\000e\000\040\000O\000p\000e\000r\000a\000t\000i\000n\000g\000\040\000S\000y\000s\000t\000e\000m}{section.3.7}% 45
\BOOKMARK [1][-]{section.3.8}{\376\377\000B\000l\000u\000e\000t\000o\000o\000t\000h\000\040\000L\000o\000w\000\040\000E\000n\000e\000r\000g\000y}{chapter.3}% 46
\BOOKMARK [2][-]{subsection.3.8.1}{\376\377\000B\000L\000E\000\040\000L\000a\000y\000e\000r\000s}{section.3.8}% 47
\BOOKMARK [2][-]{subsection.3.8.2}{\376\377\000N\000e\000t\000w\000o\000r\000k\000\040\000T\000o\000p\000o\000l\000o\000g\000i\000e\000s}{section.3.8}% 48
\BOOKMARK [1][-]{section.3.9}{\376\377\000W\000i\000F\000i}{chapter.3}% 49
\BOOKMARK [2][-]{subsection.3.9.1}{\376\377\000H\000i\000s\000t\000o\000r\000y}{section.3.9}% 50
\BOOKMARK [2][-]{subsection.3.9.2}{\376\377\000U\000s\000a\000g\000e}{section.3.9}% 51
\BOOKMARK [2][-]{subsection.3.9.3}{\376\377\000F\000u\000n\000c\000t\000i\000o\000n}{section.3.9}% 52
\BOOKMARK [2][-]{subsection.3.9.4}{\376\377\000A\000d\000v\000a\000n\000c\000e\000m\000e\000n\000t\000s}{section.3.9}% 53
\BOOKMARK [1][-]{section.3.10}{\376\377\000L\000i\000b\000r\000a\000r\000i\000e\000s}{chapter.3}% 54
\BOOKMARK [2][-]{subsection.3.10.1}{\376\377\000C\000a\000t\000c\000h\0002}{section.3.10}% 55
\BOOKMARK [2][-]{subsection.3.10.2}{\376\377\000D\000o\000x\000y\000g\000e\000n}{section.3.10}% 56
\BOOKMARK [2][-]{subsection.3.10.3}{\376\377\000P\000y\000t\000e\000s\000t}{section.3.10}% 57
\BOOKMARK [2][-]{subsection.3.10.4}{\376\377\000R\000u\000s\000q\000l\000i\000t\000e}{section.3.10}% 58
\BOOKMARK [2][-]{subsection.3.10.5}{\376\377\000S\000e\000r\000d\000e}{section.3.10}% 59
\BOOKMARK [2][-]{subsection.3.10.6}{\376\377\000T\000o\000k\000i\000o}{section.3.10}% 60
\BOOKMARK [2][-]{subsection.3.10.7}{\376\377\000T\000o\000k\000i\000o\000\040\000R\000u\000s\000q\000l\000i\000t\000e}{section.3.10}% 61
\BOOKMARK [2][-]{subsection.3.10.8}{\376\377\000T\000o\000n\000i\000c}{section.3.10}% 62
\BOOKMARK [2][-]{subsection.3.10.9}{\376\377\000D\000o\000c\000k\000e\000r}{section.3.10}% 63
\BOOKMARK [0][-]{chapter.4}{\376\377\000I\000m\000p\000l\000e\000m\000e\000n\000t\000a\000t\000i\000o\000n}{}% 64
\BOOKMARK [1][-]{section.4.1}{\376\377\000C\000o\000m\000m\000L\000i\000b}{chapter.4}% 65
\BOOKMARK [2][-]{subsection.4.1.1}{\376\377\000S\000e\000t\000t\000i\000n\000g\000\040\000u\000p\000\040\000t\000h\000e\000\040\000L\000i\000b\000r\000a\000r\000y}{section.4.1}% 66
\BOOKMARK [2][-]{subsection.4.1.2}{\376\377\000F\000i\000r\000s\000t\000\040\000I\000m\000p\000l\000e\000m\000e\000n\000t\000a\000t\000i\000o\000n}{section.4.1}% 67
\BOOKMARK [2][-]{subsection.4.1.3}{\376\377\000P\000r\000o\000f\000i\000l\000i\000n\000g\000\040\000a\000n\000d\000\040\000B\000e\000n\000c\000h\000m\000a\000r\000k\000i\000n\000g}{section.4.1}% 68
\BOOKMARK [2][-]{subsection.4.1.4}{\376\377\000P\000o\000l\000i\000s\000h\000i\000n\000g}{section.4.1}% 69
\BOOKMARK [2][-]{subsection.4.1.5}{\376\377\000D\000o\000c\000u\000m\000e\000n\000t\000a\000t\000i\000o\000n}{section.4.1}% 70
\BOOKMARK [1][-]{section.4.2}{\376\377\000R\000E\000C\000T\000\040\000D\000a\000t\000a\000b\000a\000s\000e}{chapter.4}% 71
\BOOKMARK [2][-]{subsection.4.2.1}{\376\377\000W\000h\000y\000\040\000S\000Q\000L\000i\000t\000e\000?}{section.4.2}% 72
\BOOKMARK [2][-]{subsection.4.2.2}{\376\377\000D\000a\000t\000a\000b\000a\000s\000e\000\040\000S\000t\000r\000u\000c\000t\000u\000r\000e}{section.4.2}% 73
\BOOKMARK [2][-]{subsection.4.2.3}{\376\377\000D\000a\000t\000a\000b\000a\000s\000e\000\040\000u\000s\000a\000g\000e}{section.4.2}% 74
\BOOKMARK [1][-]{section.4.3}{\376\377\000R\000u\000s\000t\000\040\000I\000n\000t\000e\000r\000f\000a\000c\000e}{chapter.4}% 75
\BOOKMARK [1][-]{section.4.4}{\376\377\000R\000u\000s\000t\000\040\000S\000e\000r\000v\000i\000c\000e}{chapter.4}% 76
\BOOKMARK [2][-]{subsection.4.4.1}{\376\377\000D\000o\000c\000u\000m\000e\000n\000t\000a\000t\000i\000o\000n}{section.4.4}% 77
\BOOKMARK [1][-]{section.4.5}{\376\377\000C\000+\000+\000\040\000I\000m\000p\000l\000e\000m\000e\000n\000t\000a\000t\000i\000o\000n}{chapter.4}% 78
\BOOKMARK [2][-]{subsection.4.5.1}{\376\377\000R\000e\000c\000t\000c\000p\000p\000\040\000c\000l\000a\000s\000s}{section.4.5}% 79
\BOOKMARK [2][-]{subsection.4.5.2}{\376\377\000D\000e\000f\000i\000n\000i\000t\000i\000o\000n\000\040\000o\000f\000\040\000C\000M\000a\000k\000e\000\040\000f\000i\000l\000e}{section.4.5}% 80
\BOOKMARK [2][-]{subsection.4.5.3}{\376\377\000g\000R\000P\000C\000\040\000S\000e\000r\000v\000e\000r\000b\000u\000i\000l\000d\000e\000r}{section.4.5}% 81
\BOOKMARK [2][-]{subsection.4.5.4}{\376\377\000g\000R\000P\000C\000\040\000C\000r\000e\000a\000t\000e\000C\000h\000a\000n\000n\000e\000l}{section.4.5}% 82
\BOOKMARK [2][-]{subsection.4.5.5}{\376\377\000D\000o\000c\000u\000m\000e\000n\000t\000a\000t\000i\000o\000n}{section.4.5}% 83
\BOOKMARK [1][-]{section.4.6}{\376\377\000P\000y\000t\000h\000o\000n\000\040\000I\000m\000p\000l\000e\000m\000e\000n\000t\000a\000t\000i\000o\000n}{chapter.4}% 84
\BOOKMARK [2][-]{subsection.4.6.1}{\376\377\000D\000o\000c\000u\000m\000e\000n\000t\000a\000t\000i\000o\000n}{section.4.6}% 85
\BOOKMARK [1][-]{section.4.7}{\376\377\000I\000m\000p\000l\000e\000m\000e\000n\000t\000a\000t\000i\000o\000n\000\040\000C\000o\000m\000p\000a\000r\000i\000s\000o\000n}{chapter.4}% 86
\BOOKMARK [0][-]{chapter.5}{\376\377\000T\000e\000s\000t\000s}{}% 87
\BOOKMARK [1][-]{section.5.1}{\376\377\000G\000e\000n\000e\000r\000a\000l\000\040\000B\000e\000n\000c\000h\000m\000a\000r\000k\000s}{chapter.5}% 88
\BOOKMARK [2][-]{subsection.5.1.1}{\376\377\000T\000h\000r\000o\000u\000g\000h\000p\000u\000t}{section.5.1}% 89
\BOOKMARK [2][-]{subsection.5.1.2}{\376\377\000P\000a\000c\000k\000e\000t\000\040\000L\000o\000s\000s}{section.5.1}% 90
\BOOKMARK [1][-]{section.5.2}{\376\377\000O\000p\000t\000i\000m\000i\000z\000a\000t\000i\000o\000n}{chapter.5}% 91
\BOOKMARK [2][-]{subsection.5.2.1}{\376\377\000C\000o\000m\000p\000r\000e\000s\000s\000i\000o\000n}{section.5.2}% 92
\BOOKMARK [2][-]{subsection.5.2.2}{\376\377\000B\000u\000f\000f\000e\000r\000i\000n\000g}{section.5.2}% 93
\BOOKMARK [2][-]{subsection.5.2.3}{\376\377\000S\000e\000r\000i\000a\000l\000i\000z\000a\000t\000i\000o\000n\000\040\000F\000o\000r\000m\000a\000t\000s}{section.5.2}% 94
\BOOKMARK [2][-]{subsection.5.2.4}{\376\377\000D\000a\000t\000a\000b\000a\000s\000e\000\040\000B\000e\000n\000c\000h\000m\000a\000r\000k\000s}{section.5.2}% 95
\BOOKMARK [0][-]{chapter.6}{\376\377\000C\000o\000n\000c\000l\000u\000s\000i\000o\000n}{}% 96
\BOOKMARK [1][-]{section.6.1}{\376\377\000R\000e\000c\000a\000p}{chapter.6}% 97
\BOOKMARK [1][-]{section.6.2}{\376\377\000C\000o\000n\000c\000l\000u\000s\000i\000o\000n}{chapter.6}% 98
\BOOKMARK [1][-]{section.6.3}{\376\377\000O\000u\000t\000l\000o\000o\000k}{chapter.6}% 99
